Build started 3/5/2013 1:33:11 PM.
     1>Project "E:\Starcraft\git\BWSAL_0.9.12\BasicAIModule\BasicAIModule.vcxproj" on node 2 (Build target(s)).
     1>ClCompile:
         C:\Program Files (x86)\Microsoft Visual Studio 9.0\VC\bin\CL.exe /c /I../include /Zi /nologo /W3 /WX- /O2 /Oi /Oy- /GL /D WIN32 /D NDEBUG /D _WINDOWS /D _USRDLL /D EXAMPLEAIMODULE_EXPORTS /D RDEBUG /D _WINDLL /D _UNICODE /D UNICODE /Gm- /EHsc /MD /GS /Gy /fp:precise /Zc:wchar_t /Zc:forScope /Fo"RDebug\\" /Fd"RDebug\vc90.pdb" /Gd /TP /analyze- /errorReport:prompt Source\BasicAIModule.cpp Source\GoalManager.cpp
         BasicAIModule.cpp
         GoalManager.cpp
       Link:
         C:\Program Files (x86)\Microsoft Visual Studio 9.0\VC\bin\link.exe /ERRORREPORT:PROMPT /OUT:"E:\Starcraft\git\BWSAL_0.9.12\RDebug\BasicAIModule.dll" /INCREMENTAL:NO /NOLOGO ../lib/BWAPI.lib ../lib/BWTA.lib ../lib/tinyxml.lib "../lib/CGAL-vc90-mt.lib" "../lib/libboost_thread-vc90-mt-1_40.lib" "../lib/gmp-vc90-mt.lib" "../lib/mpfr-vc90-mt.lib" kernel32.lib user32.lib gdi32.lib winspool.lib comdlg32.lib advapi32.lib shell32.lib ole32.lib oleaut32.lib uuid.lib odbc32.lib odbccp32.lib /MANIFEST /ManifestFile:"RDebug\BasicAIModule.dll.intermediate.manifest" /MANIFESTUAC:"level='asInvoker' uiAccess='false'" /DEBUG /PDB:"E:\Starcraft\git\BWSAL_0.9.12\RDebug\BasicAIModule.pdb" /SUBSYSTEM:WINDOWS /OPT:REF /OPT:ICF /LTCG /TLBID:1 /DYNAMICBASE /NXCOMPAT /IMPLIB:"E:\Starcraft\git\BWSAL_0.9.12\RDebug\BasicAIModule.lib" /MACHINE:X86 /DLL RDebug\Assignment.obj
         RDebug\DebugPrinter.obj
         RDebug\GoalManager.obj
         RDebug\BasicAIModule.obj
         RDebug\Dll.obj
         RDebug\EnhancedUI.obj
         RDebug\Util.obj
         RDebug\WorkerManager.obj
         RDebug\Base.obj
         RDebug\BaseManager.obj
         RDebug\BorderManager.obj
         RDebug\BuildingPlacer.obj
         RDebug\BuildManager.obj
         RDebug\BuildOrderManager.obj
         RDebug\MetaUnit.obj
         RDebug\UnitItem.obj
         RDebug\ConstructionManager.obj
         RDebug\DefenseManager.obj
         RDebug\InformationManager.obj
         RDebug\MorphManager.obj
         RDebug\ProductionManager.obj
         RDebug\ScoutManager.obj
         RDebug\SupplyManager.obj
         RDebug\TechManager.obj
         RDebug\UnitGroup.obj
         RDebug\UnitGroupManager.obj
         RDebug\UpgradeManager.obj
            Creating library E:\Starcraft\git\BWSAL_0.9.12\RDebug\BasicAIModule.lib and object E:\Starcraft\git\BWSAL_0.9.12\RDebug\BasicAIModule.exp
     1>LINK : warning LNK4098: defaultlib 'LIBCMT' conflicts with use of other libs; use /NODEFAULTLIB:library
         Generating code
         Finished generating code
         BasicAIModule.vcxproj -> E:\Starcraft\git\BWSAL_0.9.12\RDebug\BasicAIModule.dll
       Manifest:
         C:\Program Files\Microsoft SDKs\Windows\v6.0A\bin\mt.exe /nologo /verbose /outputresource:"E:\Starcraft\git\BWSAL_0.9.12\RDebug\BasicAIModule.dll;#2" /manifest RDebug\BasicAIModule.dll.intermediate.manifest
       PostBuildEvent:
         copy "E:\Starcraft\git\BWSAL_0.9.12\RDebug\BasicAIModule.dll" "E:\Starcraft\Starcraft\BWAPI 3.7.4\\..\bwapi-data\AI\BasicAIModule.dll"
         :VCEnd
                 1 file(s) copied.
     1>Done Building Project "E:\Starcraft\git\BWSAL_0.9.12\BasicAIModule\BasicAIModule.vcxproj" (Build target(s)).

Build succeeded.

Time Elapsed 00:00:13.14
