Build started 2/18/2013 11:21:38 PM.
     1>Project "E:\Starcraft\BWSAL_0.9.12\MacroAIModule\MacroAIModule.vcxproj" on node 2 (Rebuild target(s)).
     1>ClCompile:
         E:\Programs\Microsoft Visual Studio 12\VC\bin\CL.exe /c /I../include /Zi /nologo /W3 /WX- /O2 /Oi /Oy- /GL /D WIN32 /D NDEBUG /D _WINDOWS /D _WINDLL /D _UNICODE /D UNICODE /Gm- /EHsc /MD /GS /Gy /fp:precise /Zc:wchar_t /Zc:forScope /Fo"Release\\" /Fd"Release\vc110.pdb" /Gd /TP /analyze- /errorReport:prompt ..\Addons\BWSAL.cpp Source\Dll.cpp Source\MacroAIModule.cpp ..\Addons\Util.cpp ..\Addons\Assignment.cpp ..\Addons\LarvaTimeline.cpp ..\Addons\MacroManager.cpp ..\Addons\Task.cpp ..\Addons\TaskStream.cpp ..\Addons\UnitReadyTimeCalculator.cpp ..\Addons\WorkerTaskTimeline.cpp ..\Addons\BasicTaskExecutor.cpp ..\Addons\BasicWorkerFinder.cpp ..\Addons\BFSBuildingPlacer.cpp ..\Addons\PylonBuildingPlacer.cpp ..\Addons\SpiralBuildingPlacer.cpp ..\Addons\TerminateIfEmpty.cpp ..\Addons\TerminateIfWorkerLost.cpp ..\Addons\UnitCompositionProducer.cpp ..\Addons\UnitPump.cpp ..\Addons\Resources.cpp ..\Addons\ResourceTimeline.cpp ..\Addons\ResourceRates.cpp ..\Addons\UnitCountTimeline.cpp ..\Addons\TechTimeline.cpp ..\Addons\UpgradeTimeline.cpp ..\Addons\MacroSupplyManager.cpp ..\Addons\UnitGroup.cpp ..\Addons\UnitGroupManager.cpp ..\Addons\MacroBase.cpp ..\Addons\MacroBaseManager.cpp ..\Addons\MacroDependencyResolver.cpp ..\Addons\BorderManager.cpp ..\Addons\InformationManager.cpp ..\Addons\MacroWorkerManager.cpp ..\Addons\ReservedMap.cpp
         BWSAL.cpp
         Dll.cpp
         MacroAIModule.cpp
         Util.cpp
         Assignment.cpp
         LarvaTimeline.cpp
         MacroManager.cpp
         Task.cpp
         TaskStream.cpp
         UnitReadyTimeCalculator.cpp
         WorkerTaskTimeline.cpp
         BasicTaskExecutor.cpp
         BasicWorkerFinder.cpp
         BFSBuildingPlacer.cpp
         PylonBuildingPlacer.cpp
         SpiralBuildingPlacer.cpp
         TerminateIfEmpty.cpp
         TerminateIfWorkerLost.cpp
         UnitCompositionProducer.cpp
         UnitPump.cpp
         Compiling...
         Resources.cpp
         ResourceTimeline.cpp
         ResourceRates.cpp
         UnitCountTimeline.cpp
         TechTimeline.cpp
         UpgradeTimeline.cpp
         MacroSupplyManager.cpp
         UnitGroup.cpp
         UnitGroupManager.cpp
         MacroBase.cpp
         MacroBaseManager.cpp
         MacroDependencyResolver.cpp
         BorderManager.cpp
         InformationManager.cpp
         MacroWorkerManager.cpp
         ReservedMap.cpp
       Link:
         E:\Programs\Microsoft Visual Studio 12\VC\bin\link.exe /ERRORREPORT:PROMPT /OUT:"E:\Starcraft\BWSAL_0.9.12\Release\MacroAIModule.dll" /INCREMENTAL:NO /NOLOGO ../lib/BWAPI.lib ../lib/BWTA.lib ../lib/tinyxml.lib "../lib/CGAL-vc90-mt.lib" "../lib/libboost_thread-vc90-mt-1_40.lib" "../lib/gmp-vc90-mt.lib" "../lib/mpfr-vc90-mt.lib" kernel32.lib user32.lib gdi32.lib winspool.lib comdlg32.lib advapi32.lib shell32.lib ole32.lib oleaut32.lib uuid.lib odbc32.lib odbccp32.lib /MANIFEST /MANIFESTUAC:"level='asInvoker' uiAccess='false'" /manifest:embed /DEBUG /PDB:"E:\Starcraft\BWSAL_0.9.12\Release\MacroAIModule.pdb" /SUBSYSTEM:WINDOWS /OPT:REF /OPT:ICF /LTCG /TLBID:1 /DYNAMICBASE /NXCOMPAT /IMPLIB:"E:\Starcraft\BWSAL_0.9.12\Release\MacroAIModule.lib" /MACHINE:X86 /SAFESEH /DLL Release\BWSAL.obj
         Release\Dll.obj
         Release\MacroAIModule.obj
         Release\Util.obj
         Release\Assignment.obj
         Release\LarvaTimeline.obj
         Release\MacroManager.obj
         Release\Task.obj
         Release\TaskStream.obj
         Release\UnitReadyTimeCalculator.obj
         Release\WorkerTaskTimeline.obj
         Release\BasicTaskExecutor.obj
         Release\BasicWorkerFinder.obj
         Release\BFSBuildingPlacer.obj
         Release\PylonBuildingPlacer.obj
         Release\SpiralBuildingPlacer.obj
         Release\TerminateIfEmpty.obj
         Release\TerminateIfWorkerLost.obj
         Release\UnitCompositionProducer.obj
         Release\UnitPump.obj
         Release\Resources.obj
         Release\ResourceTimeline.obj
         Release\ResourceRates.obj
         Release\UnitCountTimeline.obj
         Release\TechTimeline.obj
         Release\UpgradeTimeline.obj
         Release\MacroSupplyManager.obj
         Release\UnitGroup.obj
         Release\UnitGroupManager.obj
         Release\MacroBase.obj
         Release\MacroBaseManager.obj
         Release\MacroDependencyResolver.obj
         Release\BorderManager.obj
         Release\InformationManager.obj
         Release\MacroWorkerManager.obj
         Release\ReservedMap.obj
            Creating library E:\Starcraft\BWSAL_0.9.12\Release\MacroAIModule.lib and object E:\Starcraft\BWSAL_0.9.12\Release\MacroAIModule.exp
     1>LINK : warning LNK4098: defaultlib 'LIBCMT' conflicts with use of other libs; use /NODEFAULTLIB:library
     1>BWAPI.lib(ExplosionType.obj) : error LNK2001: unresolved external symbol "__declspec(dllimport) public: class std::basic_string<char,struct std::char_traits<char>,class std::allocator<char> > & __thiscall std::basic_string<char,struct std::char_traits<char>,class std::allocator<char> >::operator=(char const *)" (__imp_??4?$basic_string@DU?$char_traits@D@std@@V?$allocator@D@2@@std@@QAEAAV01@PBD@Z)
     1>BWAPI.lib(DamageType.obj) : error LNK2001: unresolved external symbol "__declspec(dllimport) public: class std::basic_string<char,struct std::char_traits<char>,class std::allocator<char> > & __thiscall std::basic_string<char,struct std::char_traits<char>,class std::allocator<char> >::operator=(char const *)" (__imp_??4?$basic_string@DU?$char_traits@D@std@@V?$allocator@D@2@@std@@QAEAAV01@PBD@Z)
     1>BWAPI.lib(UnitCommandType.obj) : error LNK2001: unresolved external symbol "__declspec(dllimport) public: class std::basic_string<char,struct std::char_traits<char>,class std::allocator<char> > & __thiscall std::basic_string<char,struct std::char_traits<char>,class std::allocator<char> >::operator=(char const *)" (__imp_??4?$basic_string@DU?$char_traits@D@std@@V?$allocator@D@2@@std@@QAEAAV01@PBD@Z)
     1>BWAPI.lib(UnitSizeType.obj) : error LNK2001: unresolved external symbol "__declspec(dllimport) public: class std::basic_string<char,struct std::char_traits<char>,class std::allocator<char> > & __thiscall std::basic_string<char,struct std::char_traits<char>,class std::allocator<char> >::operator=(char const *)" (__imp_??4?$basic_string@DU?$char_traits@D@std@@V?$allocator@D@2@@std@@QAEAAV01@PBD@Z)
     1>BWAPI.lib(WeaponType.obj) : error LNK2001: unresolved external symbol "__declspec(dllimport) public: class std::basic_string<char,struct std::char_traits<char>,class std::allocator<char> > & __thiscall std::basic_string<char,struct std::char_traits<char>,class std::allocator<char> >::operator=(char const *)" (__imp_??4?$basic_string@DU?$char_traits@D@std@@V?$allocator@D@2@@std@@QAEAAV01@PBD@Z)
     1>BWAPI.lib(PlayerType.obj) : error LNK2001: unresolved external symbol "__declspec(dllimport) public: class std::basic_string<char,struct std::char_traits<char>,class std::allocator<char> > & __thiscall std::basic_string<char,struct std::char_traits<char>,class std::allocator<char> >::operator=(char const *)" (__imp_??4?$basic_string@DU?$char_traits@D@std@@V?$allocator@D@2@@std@@QAEAAV01@PBD@Z)
     1>BWAPI.lib(Order.obj) : error LNK2001: unresolved external symbol "__declspec(dllimport) public: class std::basic_string<char,struct std::char_traits<char>,class std::allocator<char> > & __thiscall std::basic_string<char,struct std::char_traits<char>,class std::allocator<char> >::operator=(char const *)" (__imp_??4?$basic_string@DU?$char_traits@D@std@@V?$allocator@D@2@@std@@QAEAAV01@PBD@Z)
     1>BWAPI.lib(GameType.obj) : error LNK2001: unresolved external symbol "__declspec(dllimport) public: class std::basic_string<char,struct std::char_traits<char>,class std::allocator<char> > & __thiscall std::basic_string<char,struct std::char_traits<char>,class std::allocator<char> >::operator=(char const *)" (__imp_??4?$basic_string@DU?$char_traits@D@std@@V?$allocator@D@2@@std@@QAEAAV01@PBD@Z)
     1>BWAPI.lib(Error.obj) : error LNK2001: unresolved external symbol "__declspec(dllimport) public: class std::basic_string<char,struct std::char_traits<char>,class std::allocator<char> > & __thiscall std::basic_string<char,struct std::char_traits<char>,class std::allocator<char> >::operator=(char const *)" (__imp_??4?$basic_string@DU?$char_traits@D@std@@V?$allocator@D@2@@std@@QAEAAV01@PBD@Z)
     1>BWAPI.lib(BulletType.obj) : error LNK2001: unresolved external symbol "__declspec(dllimport) public: class std::basic_string<char,struct std::char_traits<char>,class std::allocator<char> > & __thiscall std::basic_string<char,struct std::char_traits<char>,class std::allocator<char> >::operator=(char const *)" (__imp_??4?$basic_string@DU?$char_traits@D@std@@V?$allocator@D@2@@std@@QAEAAV01@PBD@Z)
     1>BWAPI.lib(Race.obj) : error LNK2001: unresolved external symbol "__declspec(dllimport) public: class std::basic_string<char,struct std::char_traits<char>,class std::allocator<char> > & __thiscall std::basic_string<char,struct std::char_traits<char>,class std::allocator<char> >::operator=(char const *)" (__imp_??4?$basic_string@DU?$char_traits@D@std@@V?$allocator@D@2@@std@@QAEAAV01@PBD@Z)
     1>BWAPI.lib(UnitType.obj) : error LNK2001: unresolved external symbol "__declspec(dllimport) public: class std::basic_string<char,struct std::char_traits<char>,class std::allocator<char> > & __thiscall std::basic_string<char,struct std::char_traits<char>,class std::allocator<char> >::operator=(char const *)" (__imp_??4?$basic_string@DU?$char_traits@D@std@@V?$allocator@D@2@@std@@QAEAAV01@PBD@Z)
     1>BWAPI.lib(UpgradeType.obj) : error LNK2001: unresolved external symbol "__declspec(dllimport) public: class std::basic_string<char,struct std::char_traits<char>,class std::allocator<char> > & __thiscall std::basic_string<char,struct std::char_traits<char>,class std::allocator<char> >::operator=(char const *)" (__imp_??4?$basic_string@DU?$char_traits@D@std@@V?$allocator@D@2@@std@@QAEAAV01@PBD@Z)
     1>BWAPI.lib(TechType.obj) : error LNK2001: unresolved external symbol "__declspec(dllimport) public: class std::basic_string<char,struct std::char_traits<char>,class std::allocator<char> > & __thiscall std::basic_string<char,struct std::char_traits<char>,class std::allocator<char> >::operator=(char const *)" (__imp_??4?$basic_string@DU?$char_traits@D@std@@V?$allocator@D@2@@std@@QAEAAV01@PBD@Z)
     1>BWAPI.lib(ExplosionType.obj) : error LNK2001: unresolved external symbol "__declspec(dllimport) bool __cdecl std::operator<<char,struct std::char_traits<char>,class std::allocator<char> >(class std::basic_string<char,struct std::char_traits<char>,class std::allocator<char> > const &,class std::basic_string<char,struct std::char_traits<char>,class std::allocator<char> > const &)" (__imp_??$?MDU?$char_traits@D@std@@V?$allocator@D@1@@std@@YA_NABV?$basic_string@DU?$char_traits@D@std@@V?$allocator@D@2@@0@0@Z)
     1>BWAPI.lib(DamageType.obj) : error LNK2001: unresolved external symbol "__declspec(dllimport) bool __cdecl std::operator<<char,struct std::char_traits<char>,class std::allocator<char> >(class std::basic_string<char,struct std::char_traits<char>,class std::allocator<char> > const &,class std::basic_string<char,struct std::char_traits<char>,class std::allocator<char> > const &)" (__imp_??$?MDU?$char_traits@D@std@@V?$allocator@D@1@@std@@YA_NABV?$basic_string@DU?$char_traits@D@std@@V?$allocator@D@2@@0@0@Z)
     1>BWAPI.lib(UnitCommandType.obj) : error LNK2001: unresolved external symbol "__declspec(dllimport) bool __cdecl std::operator<<char,struct std::char_traits<char>,class std::allocator<char> >(class std::basic_string<char,struct std::char_traits<char>,class std::allocator<char> > const &,class std::basic_string<char,struct std::char_traits<char>,class std::allocator<char> > const &)" (__imp_??$?MDU?$char_traits@D@std@@V?$allocator@D@1@@std@@YA_NABV?$basic_string@DU?$char_traits@D@std@@V?$allocator@D@2@@0@0@Z)
     1>BWAPI.lib(UnitSizeType.obj) : error LNK2001: unresolved external symbol "__declspec(dllimport) bool __cdecl std::operator<<char,struct std::char_traits<char>,class std::allocator<char> >(class std::basic_string<char,struct std::char_traits<char>,class std::allocator<char> > const &,class std::basic_string<char,struct std::char_traits<char>,class std::allocator<char> > const &)" (__imp_??$?MDU?$char_traits@D@std@@V?$allocator@D@1@@std@@YA_NABV?$basic_string@DU?$char_traits@D@std@@V?$allocator@D@2@@0@0@Z)
     1>BWAPI.lib(WeaponType.obj) : error LNK2001: unresolved external symbol "__declspec(dllimport) bool __cdecl std::operator<<char,struct std::char_traits<char>,class std::allocator<char> >(class std::basic_string<char,struct std::char_traits<char>,class std::allocator<char> > const &,class std::basic_string<char,struct std::char_traits<char>,class std::allocator<char> > const &)" (__imp_??$?MDU?$char_traits@D@std@@V?$allocator@D@1@@std@@YA_NABV?$basic_string@DU?$char_traits@D@std@@V?$allocator@D@2@@0@0@Z)
     1>BWAPI.lib(PlayerType.obj) : error LNK2001: unresolved external symbol "__declspec(dllimport) bool __cdecl std::operator<<char,struct std::char_traits<char>,class std::allocator<char> >(class std::basic_string<char,struct std::char_traits<char>,class std::allocator<char> > const &,class std::basic_string<char,struct std::char_traits<char>,class std::allocator<char> > const &)" (__imp_??$?MDU?$char_traits@D@std@@V?$allocator@D@1@@std@@YA_NABV?$basic_string@DU?$char_traits@D@std@@V?$allocator@D@2@@0@0@Z)
     1>BWAPI.lib(Order.obj) : error LNK2001: unresolved external symbol "__declspec(dllimport) bool __cdecl std::operator<<char,struct std::char_traits<char>,class std::allocator<char> >(class std::basic_string<char,struct std::char_traits<char>,class std::allocator<char> > const &,class std::basic_string<char,struct std::char_traits<char>,class std::allocator<char> > const &)" (__imp_??$?MDU?$char_traits@D@std@@V?$allocator@D@1@@std@@YA_NABV?$basic_string@DU?$char_traits@D@std@@V?$allocator@D@2@@0@0@Z)
     1>BWAPI.lib(GameType.obj) : error LNK2001: unresolved external symbol "__declspec(dllimport) bool __cdecl std::operator<<char,struct std::char_traits<char>,class std::allocator<char> >(class std::basic_string<char,struct std::char_traits<char>,class std::allocator<char> > const &,class std::basic_string<char,struct std::char_traits<char>,class std::allocator<char> > const &)" (__imp_??$?MDU?$char_traits@D@std@@V?$allocator@D@1@@std@@YA_NABV?$basic_string@DU?$char_traits@D@std@@V?$allocator@D@2@@0@0@Z)
     1>BWAPI.lib(Error.obj) : error LNK2001: unresolved external symbol "__declspec(dllimport) bool __cdecl std::operator<<char,struct std::char_traits<char>,class std::allocator<char> >(class std::basic_string<char,struct std::char_traits<char>,class std::allocator<char> > const &,class std::basic_string<char,struct std::char_traits<char>,class std::allocator<char> > const &)" (__imp_??$?MDU?$char_traits@D@std@@V?$allocator@D@1@@std@@YA_NABV?$basic_string@DU?$char_traits@D@std@@V?$allocator@D@2@@0@0@Z)
     1>BWAPI.lib(BulletType.obj) : error LNK2001: unresolved external symbol "__declspec(dllimport) bool __cdecl std::operator<<char,struct std::char_traits<char>,class std::allocator<char> >(class std::basic_string<char,struct std::char_traits<char>,class std::allocator<char> > const &,class std::basic_string<char,struct std::char_traits<char>,class std::allocator<char> > const &)" (__imp_??$?MDU?$char_traits@D@std@@V?$allocator@D@1@@std@@YA_NABV?$basic_string@DU?$char_traits@D@std@@V?$allocator@D@2@@0@0@Z)
     1>BWAPI.lib(Race.obj) : error LNK2001: unresolved external symbol "__declspec(dllimport) bool __cdecl std::operator<<char,struct std::char_traits<char>,class std::allocator<char> >(class std::basic_string<char,struct std::char_traits<char>,class std::allocator<char> > const &,class std::basic_string<char,struct std::char_traits<char>,class std::allocator<char> > const &)" (__imp_??$?MDU?$char_traits@D@std@@V?$allocator@D@1@@std@@YA_NABV?$basic_string@DU?$char_traits@D@std@@V?$allocator@D@2@@0@0@Z)
     1>BWAPI.lib(UnitType.obj) : error LNK2001: unresolved external symbol "__declspec(dllimport) bool __cdecl std::operator<<char,struct std::char_traits<char>,class std::allocator<char> >(class std::basic_string<char,struct std::char_traits<char>,class std::allocator<char> > const &,class std::basic_string<char,struct std::char_traits<char>,class std::allocator<char> > const &)" (__imp_??$?MDU?$char_traits@D@std@@V?$allocator@D@1@@std@@YA_NABV?$basic_string@DU?$char_traits@D@std@@V?$allocator@D@2@@0@0@Z)
     1>BWAPI.lib(UpgradeType.obj) : error LNK2001: unresolved external symbol "__declspec(dllimport) bool __cdecl std::operator<<char,struct std::char_traits<char>,class std::allocator<char> >(class std::basic_string<char,struct std::char_traits<char>,class std::allocator<char> > const &,class std::basic_string<char,struct std::char_traits<char>,class std::allocator<char> > const &)" (__imp_??$?MDU?$char_traits@D@std@@V?$allocator@D@1@@std@@YA_NABV?$basic_string@DU?$char_traits@D@std@@V?$allocator@D@2@@0@0@Z)
     1>BWAPI.lib(TechType.obj) : error LNK2001: unresolved external symbol "__declspec(dllimport) bool __cdecl std::operator<<char,struct std::char_traits<char>,class std::allocator<char> >(class std::basic_string<char,struct std::char_traits<char>,class std::allocator<char> > const &,class std::basic_string<char,struct std::char_traits<char>,class std::allocator<char> > const &)" (__imp_??$?MDU?$char_traits@D@std@@V?$allocator@D@1@@std@@YA_NABV?$basic_string@DU?$char_traits@D@std@@V?$allocator@D@2@@0@0@Z)
     1>BWTA.lib(terrain_analysis.obj) : error LNK2001: unresolved external symbol "__declspec(dllimport) public: class std::basic_string<char,struct std::char_traits<char>,class std::allocator<char> > & __thiscall std::basic_string<char,struct std::char_traits<char>,class std::allocator<char> >::operator=(class std::basic_string<char,struct std::char_traits<char>,class std::allocator<char> > const &)" (__imp_??4?$basic_string@DU?$char_traits@D@std@@V?$allocator@D@2@@std@@QAEAAV01@ABV01@@Z)
     1>BWTA.lib(terrain_analysis.obj) : error LNK2001: unresolved external symbol "__declspec(dllimport) public: static double __cdecl std::numeric_limits<double>::infinity(void)" (__imp_?infinity@?$numeric_limits@N@std@@SANXZ)
     1>BWTA.lib(load_data.obj) : error LNK2001: unresolved external symbol "__declspec(dllimport) public: void __thiscall std::basic_ifstream<char,struct std::char_traits<char> >::`vbase destructor'(void)" (__imp_??_D?$basic_ifstream@DU?$char_traits@D@std@@@std@@QAEXXZ)
     1>BWTA.lib(util.obj) : error LNK2001: unresolved external symbol "__declspec(dllimport) public: void __thiscall std::basic_ifstream<char,struct std::char_traits<char> >::`vbase destructor'(void)" (__imp_??_D?$basic_ifstream@DU?$char_traits@D@std@@@std@@QAEXXZ)
     1>BWTA.lib(load_data.obj) : error LNK2001: unresolved external symbol "__declspec(dllimport) public: void __thiscall std::basic_ifstream<char,struct std::char_traits<char> >::close(void)" (__imp_?close@?$basic_ifstream@DU?$char_traits@D@std@@@std@@QAEXXZ)
     1>BWTA.lib(util.obj) : error LNK2001: unresolved external symbol "__declspec(dllimport) public: void __thiscall std::basic_ifstream<char,struct std::char_traits<char> >::close(void)" (__imp_?close@?$basic_ifstream@DU?$char_traits@D@std@@@std@@QAEXXZ)
     1>BWTA.lib(load_data.obj) : error LNK2001: unresolved external symbol "__declspec(dllimport) public: void __thiscall std::basic_ifstream<char,struct std::char_traits<char> >::open(char const *,int,int)" (__imp_?open@?$basic_ifstream@DU?$char_traits@D@std@@@std@@QAEXPBDHH@Z)
     1>BWTA.lib(util.obj) : error LNK2001: unresolved external symbol "__declspec(dllimport) public: void __thiscall std::basic_ifstream<char,struct std::char_traits<char> >::open(char const *,int,int)" (__imp_?open@?$basic_ifstream@DU?$char_traits@D@std@@@std@@QAEXPBDHH@Z)
     1>BWTA.lib(load_data.obj) : error LNK2001: unresolved external symbol "__declspec(dllimport) public: __thiscall std::basic_ifstream<char,struct std::char_traits<char> >::basic_ifstream<char,struct std::char_traits<char> >(void)" (__imp_??0?$basic_ifstream@DU?$char_traits@D@std@@@std@@QAE@XZ)
     1>BWTA.lib(util.obj) : error LNK2001: unresolved external symbol "__declspec(dllimport) public: __thiscall std::basic_ifstream<char,struct std::char_traits<char> >::basic_ifstream<char,struct std::char_traits<char> >(void)" (__imp_??0?$basic_ifstream@DU?$char_traits@D@std@@@std@@QAE@XZ)
     1>BWTA.lib(load_data.obj) : error LNK2001: unresolved external symbol "__declspec(dllimport) public: void __thiscall std::basic_ofstream<char,struct std::char_traits<char> >::`vbase destructor'(void)" (__imp_??_D?$basic_ofstream@DU?$char_traits@D@std@@@std@@QAEXXZ)
     1>BWTA.lib(all_files.obj) : error LNK2001: unresolved external symbol "__declspec(dllimport) public: void __thiscall std::basic_ofstream<char,struct std::char_traits<char> >::`vbase destructor'(void)" (__imp_??_D?$basic_ofstream@DU?$char_traits@D@std@@@std@@QAEXXZ)
     1>BWTA.lib(load_data.obj) : error LNK2001: unresolved external symbol "__declspec(dllimport) public: void __thiscall std::basic_ofstream<char,struct std::char_traits<char> >::close(void)" (__imp_?close@?$basic_ofstream@DU?$char_traits@D@std@@@std@@QAEXXZ)
     1>BWTA.lib(load_data.obj) : error LNK2001: unresolved external symbol "__declspec(dllimport) public: void __thiscall std::basic_ofstream<char,struct std::char_traits<char> >::open(char const *,int,int)" (__imp_?open@?$basic_ofstream@DU?$char_traits@D@std@@@std@@QAEXPBDHH@Z)
     1>BWTA.lib(all_files.obj) : error LNK2001: unresolved external symbol "__declspec(dllimport) public: void __thiscall std::basic_ofstream<char,struct std::char_traits<char> >::open(char const *,int,int)" (__imp_?open@?$basic_ofstream@DU?$char_traits@D@std@@@std@@QAEXPBDHH@Z)
     1>BWTA.lib(load_data.obj) : error LNK2001: unresolved external symbol "__declspec(dllimport) public: __thiscall std::basic_ofstream<char,struct std::char_traits<char> >::basic_ofstream<char,struct std::char_traits<char> >(void)" (__imp_??0?$basic_ofstream@DU?$char_traits@D@std@@@std@@QAE@XZ)
     1>BWTA.lib(all_files.obj) : error LNK2001: unresolved external symbol "__declspec(dllimport) public: __thiscall std::basic_ofstream<char,struct std::char_traits<char> >::basic_ofstream<char,struct std::char_traits<char> >(void)" (__imp_??0?$basic_ofstream@DU?$char_traits@D@std@@@std@@QAE@XZ)
     1>BWTA.lib(load_data.obj) : error LNK2001: unresolved external symbol "__declspec(dllimport) class std::basic_ostream<char,struct std::char_traits<char> > & __cdecl std::operator<<<char,struct std::char_traits<char>,class std::allocator<char> >(class std::basic_ostream<char,struct std::char_traits<char> > &,class std::basic_string<char,struct std::char_traits<char>,class std::allocator<char> > const &)" (__imp_??$?6DU?$char_traits@D@std@@V?$allocator@D@1@@std@@YAAAV?$basic_ostream@DU?$char_traits@D@std@@@0@AAV10@ABV?$basic_string@DU?$char_traits@D@std@@V?$allocator@D@2@@0@@Z)
     1>BWTA.lib(all_files.obj) : error LNK2001: unresolved external symbol "__declspec(dllimport) class std::basic_ostream<char,struct std::char_traits<char> > & __cdecl std::operator<<<char,struct std::char_traits<char>,class std::allocator<char> >(class std::basic_ostream<char,struct std::char_traits<char> > &,class std::basic_string<char,struct std::char_traits<char>,class std::allocator<char> > const &)" (__imp_??$?6DU?$char_traits@D@std@@V?$allocator@D@1@@std@@YAAAV?$basic_ostream@DU?$char_traits@D@std@@@0@AAV10@ABV?$basic_string@DU?$char_traits@D@std@@V?$allocator@D@2@@0@@Z)
     1>BWTA.lib(load_data.obj) : error LNK2001: unresolved external symbol "__declspec(dllimport) public: class std::basic_string<char,struct std::char_traits<char>,class std::allocator<char> > & __thiscall std::basic_string<char,struct std::char_traits<char>,class std::allocator<char> >::operator+=(char const *)" (__imp_??Y?$basic_string@DU?$char_traits@D@std@@V?$allocator@D@2@@std@@QAEAAV01@PBD@Z)
     1>BWTA.lib(load_data.obj) : error LNK2001: unresolved external symbol "__declspec(dllimport) public: class std::basic_string<char,struct std::char_traits<char>,class std::allocator<char> > & __thiscall std::basic_string<char,struct std::char_traits<char>,class std::allocator<char> >::operator+=(class std::basic_string<char,struct std::char_traits<char>,class std::allocator<char> > const &)" (__imp_??Y?$basic_string@DU?$char_traits@D@std@@V?$allocator@D@2@@std@@QAEAAV01@ABV01@@Z)
     1>BWTA.lib(load_data.obj) : error LNK2001: unresolved external symbol "__declspec(dllimport) class std::basic_string<char,struct std::char_traits<char>,class std::allocator<char> > __cdecl std::operator+<char,struct std::char_traits<char>,class std::allocator<char> >(class std::basic_string<char,struct std::char_traits<char>,class std::allocator<char> > const &,char const *)" (__imp_??$?HDU?$char_traits@D@std@@V?$allocator@D@1@@std@@YA?AV?$basic_string@DU?$char_traits@D@std@@V?$allocator@D@2@@0@ABV10@PBD@Z)
     1>BWTA.lib(load_data.obj) : error LNK2001: unresolved external symbol "__declspec(dllimport) class std::basic_string<char,struct std::char_traits<char>,class std::allocator<char> > __cdecl std::operator+<char,struct std::char_traits<char>,class std::allocator<char> >(class std::basic_string<char,struct std::char_traits<char>,class std::allocator<char> > const &,class std::basic_string<char,struct std::char_traits<char>,class std::allocator<char> > const &)" (__imp_??$?HDU?$char_traits@D@std@@V?$allocator@D@1@@std@@YA?AV?$basic_string@DU?$char_traits@D@std@@V?$allocator@D@2@@0@ABV10@0@Z)
     1>BWTA.lib(all_files.obj) : error LNK2001: unresolved external symbol "__declspec(dllimport) class std::basic_string<char,struct std::char_traits<char>,class std::allocator<char> > __cdecl std::operator+<char,struct std::char_traits<char>,class std::allocator<char> >(class std::basic_string<char,struct std::char_traits<char>,class std::allocator<char> > const &,class std::basic_string<char,struct std::char_traits<char>,class std::allocator<char> > const &)" (__imp_??$?HDU?$char_traits@D@std@@V?$allocator@D@1@@std@@YA?AV?$basic_string@DU?$char_traits@D@std@@V?$allocator@D@2@@0@ABV10@0@Z)
     1>BWTA.lib(load_data.obj) : error LNK2001: unresolved external symbol "__declspec(dllimport) public: int __thiscall std::ios_base::width(int)" (__imp_?width@ios_base@std@@QAEHH@Z)
     1>BWTA.lib(load_data.obj) : error LNK2001: unresolved external symbol "__declspec(dllimport) public: int __thiscall std::basic_streambuf<char,struct std::char_traits<char> >::sputn(char const *,int)" (__imp_?sputn@?$basic_streambuf@DU?$char_traits@D@std@@@std@@QAEHPBDH@Z)
     1>BWTA.lib(all_files.obj) : error LNK2001: unresolved external symbol "__declspec(dllimport) public: int __thiscall std::basic_streambuf<char,struct std::char_traits<char> >::sputn(char const *,int)" (__imp_?sputn@?$basic_streambuf@DU?$char_traits@D@std@@@std@@QAEHPBDH@Z)
     1>BWTA.lib(load_data.obj) : error LNK2001: unresolved external symbol "__declspec(dllimport) public: int __thiscall std::ios_base::width(void)const " (__imp_?width@ios_base@std@@QBEHXZ)
     1>BWTA.lib(load_data.obj) : error LNK2001: unresolved external symbol "__declspec(dllimport) public: void __thiscall std::basic_streambuf<char,struct std::char_traits<char> >::_Lock(void)" (__imp_?_Lock@?$basic_streambuf@DU?$char_traits@D@std@@@std@@QAEXXZ)
     1>BWTA.lib(load_data.obj) : error LNK2001: unresolved external symbol "__declspec(dllimport) public: void __thiscall std::basic_streambuf<char,struct std::char_traits<char> >::_Unlock(void)" (__imp_?_Unlock@?$basic_streambuf@DU?$char_traits@D@std@@@std@@QAEXXZ)
     1>BWTA.lib(util.obj) : error LNK2001: unresolved external symbol "__declspec(dllimport) public: __thiscall std::basic_stringstream<char,struct std::char_traits<char>,class std::allocator<char> >::basic_stringstream<char,struct std::char_traits<char>,class std::allocator<char> >(class std::basic_string<char,struct std::char_traits<char>,class std::allocator<char> > const &,int)" (__imp_??0?$basic_stringstream@DU?$char_traits@D@std@@V?$allocator@D@2@@std@@QAE@ABV?$basic_string@DU?$char_traits@D@std@@V?$allocator@D@2@@1@H@Z)
     1>BWTA.lib(all_files.obj) : error LNK2001: unresolved external symbol "private: static void __cdecl std::locale::facet::facet_Register(class std::locale::facet *)" (?facet_Register@facet@locale@std@@CAXPAV123@@Z)
     1>BWTA.lib(all_files.obj) : error LNK2001: unresolved external symbol "__declspec(dllimport) class std::basic_istream<char,struct std::char_traits<char> > & __cdecl std::operator>><char,struct std::char_traits<char> >(class std::basic_istream<char,struct std::char_traits<char> > &,char &)" (__imp_??$?5DU?$char_traits@D@std@@@std@@YAAAV?$basic_istream@DU?$char_traits@D@std@@@0@AAV10@AAD@Z)
     1>BWTA.lib(all_files.obj) : error LNK2001: unresolved external symbol "__declspec(dllimport) public: class std::basic_ostream<char,struct std::char_traits<char> > & __thiscall std::basic_ostream<char,struct std::char_traits<char> >::write(char const *,int)" (__imp_?write@?$basic_ostream@DU?$char_traits@D@std@@@std@@QAEAAV12@PBDH@Z)
     1>BWTA.lib(all_files.obj) : error LNK2001: unresolved external symbol "__declspec(dllimport) public: class std::basic_istream<char,struct std::char_traits<char> > & __thiscall std::basic_istream<char,struct std::char_traits<char> >::read(char *,int)" (__imp_?read@?$basic_istream@DU?$char_traits@D@std@@@std@@QAEAAV12@PADH@Z)
     1>BWTA.lib(all_files.obj) : error LNK2001: unresolved external symbol "__declspec(dllimport) public: void __thiscall std::_Mutex::_Lock(void)" (__imp_?_Lock@_Mutex@std@@QAEXXZ)
     1>BWTA.lib(all_files.obj) : error LNK2001: unresolved external symbol "__declspec(dllimport) public: void __thiscall std::_Mutex::_Unlock(void)" (__imp_?_Unlock@_Mutex@std@@QAEXXZ)
     1>BWTA.lib(all_files.obj) : error LNK2001: unresolved external symbol "__declspec(dllimport) public: void __thiscall std::locale::facet::_Incref(void)" (__imp_?_Incref@facet@locale@std@@QAEXXZ)
     1>BWTA.lib(all_files.obj) : error LNK2001: unresolved external symbol "__declspec(dllimport) public: static unsigned int __cdecl std::numpunct<char>::_Getcat(class std::locale::facet const * *,class std::locale const *)" (__imp_?_Getcat@?$numpunct@D@std@@SAIPAPBVfacet@locale@2@PBV42@@Z)
     1>BWTA.lib(all_files.obj) : error LNK2001: unresolved external symbol "__declspec(dllimport) public: class std::locale::facet const * __thiscall std::locale::_Getfacet(unsigned int)const " (__imp_?_Getfacet@locale@std@@QBEPBVfacet@12@I@Z)
     1>BWTA.lib(all_files.obj) : error LNK2001: unresolved external symbol "__declspec(dllimport) public: __thiscall std::locale::~locale(void)" (__imp_??1locale@std@@QAE@XZ)
     1>BWTA.lib(all_files.obj) : error LNK2001: unresolved external symbol "__declspec(dllimport) public: char __thiscall std::numpunct<char>::thousands_sep(void)const " (__imp_?thousands_sep@?$numpunct@D@std@@QBEDXZ)
     1>BWTA.lib(all_files.obj) : error LNK2001: unresolved external symbol "__declspec(dllimport) public: class std::basic_string<char,struct std::char_traits<char>,class std::allocator<char> > __thiscall std::numpunct<char>::grouping(void)const " (__imp_?grouping@?$numpunct@D@std@@QBE?AV?$basic_string@DU?$char_traits@D@std@@V?$allocator@D@2@@2@XZ)
     1>BWTA.lib(all_files.obj) : error LNK2001: unresolved external symbol "__declspec(dllimport) private: static class std::locale::_Locimp * __cdecl std::locale::_Init(void)" (__imp_?_Init@locale@std@@CAPAV_Locimp@12@XZ)
     1>BWTA.lib(all_files.obj) : error LNK2001: unresolved external symbol "__declspec(dllimport) public: void __thiscall std::basic_ostringstream<char,struct std::char_traits<char>,class std::allocator<char> >::`vbase destructor'(void)" (__imp_??_D?$basic_ostringstream@DU?$char_traits@D@std@@V?$allocator@D@2@@std@@QAEXXZ)
     1>BWTA.lib(all_files.obj) : error LNK2001: unresolved external symbol "__declspec(dllimport) public: class std::basic_string<char,struct std::char_traits<char>,class std::allocator<char> > __thiscall std::basic_ostringstream<char,struct std::char_traits<char>,class std::allocator<char> >::str(void)const " (__imp_?str@?$basic_ostringstream@DU?$char_traits@D@std@@V?$allocator@D@2@@std@@QBE?AV?$basic_string@DU?$char_traits@D@std@@V?$allocator@D@2@@2@XZ)
     1>BWTA.lib(all_files.obj) : error LNK2001: unresolved external symbol "__declspec(dllimport) public: __thiscall std::basic_ostringstream<char,struct std::char_traits<char>,class std::allocator<char> >::basic_ostringstream<char,struct std::char_traits<char>,class std::allocator<char> >(int)" (__imp_??0?$basic_ostringstream@DU?$char_traits@D@std@@V?$allocator@D@2@@std@@QAE@H@Z)
     1>BWTA.lib(all_files.obj) : error LNK2001: unresolved external symbol "__declspec(dllimport) class std::basic_istream<char,struct std::char_traits<char> > & __cdecl std::operator>><char,struct std::char_traits<char> >(class std::basic_istream<char,struct std::char_traits<char> > &,char *)" (__imp_??$?5DU?$char_traits@D@std@@@std@@YAAAV?$basic_istream@DU?$char_traits@D@std@@@0@AAV10@PAD@Z)
     1>BWTA.lib(all_files.obj) : error LNK2001: unresolved external symbol "__declspec(dllimport) protected: void __thiscall std::basic_string<char,struct std::char_traits<char>,class std::allocator<char> >::_Tidy(bool,unsigned int)" (__imp_?_Tidy@?$basic_string@DU?$char_traits@D@std@@V?$allocator@D@2@@std@@IAEX_NI@Z)
     1>BWTA.lib(all_files.obj) : error LNK2001: unresolved external symbol "__declspec(dllimport) public: class std::basic_string<char,struct std::char_traits<char>,class std::allocator<char> > & __thiscall std::basic_string<char,struct std::char_traits<char>,class std::allocator<char> >::append(unsigned int,char)" (__imp_?append@?$basic_string@DU?$char_traits@D@std@@V?$allocator@D@2@@std@@QAEAAV12@ID@Z)
     1>BWTA.lib(all_files.obj) : error LNK2001: unresolved external symbol "__declspec(dllimport) public: void __thiscall std::basic_string<char,struct std::char_traits<char>,class std::allocator<char> >::reserve(unsigned int)" (__imp_?reserve@?$basic_string@DU?$char_traits@D@std@@V?$allocator@D@2@@std@@QAEXI@Z)
     1>BWTA.lib(all_files.obj) : error LNK2001: unresolved external symbol "__declspec(dllimport) public: class std::basic_string<char,struct std::char_traits<char>,class std::allocator<char> > & __thiscall std::basic_string<char,struct std::char_traits<char>,class std::allocator<char> >::replace(class std::_String_const_iterator<char,struct std::char_traits<char>,class std::allocator<char> >,class std::_String_const_iterator<char,struct std::char_traits<char>,class std::allocator<char> >,class std::basic_string<char,struct std::char_traits<char>,class std::allocator<char> > const &)" (__imp_?replace@?$basic_string@DU?$char_traits@D@std@@V?$allocator@D@2@@std@@QAEAAV12@V?$_String_const_iterator@DU?$char_traits@D@std@@V?$allocator@D@2@@2@0ABV12@@Z)
     1>BWTA.lib(all_files.obj) : error LNK2001: unresolved external symbol "__declspec(dllimport) public: class std::_String_iterator<char,struct std::char_traits<char>,class std::allocator<char> > __thiscall std::basic_string<char,struct std::char_traits<char>,class std::allocator<char> >::begin(void)" (__imp_?begin@?$basic_string@DU?$char_traits@D@std@@V?$allocator@D@2@@std@@QAE?AV?$_String_iterator@DU?$char_traits@D@std@@V?$allocator@D@2@@2@XZ)
     1>BWTA.lib(all_files.obj) : error LNK2001: unresolved external symbol "__declspec(dllimport) public: class std::_String_iterator<char,struct std::char_traits<char>,class std::allocator<char> > __thiscall std::basic_string<char,struct std::char_traits<char>,class std::allocator<char> >::end(void)" (__imp_?end@?$basic_string@DU?$char_traits@D@std@@V?$allocator@D@2@@std@@QAE?AV?$_String_iterator@DU?$char_traits@D@std@@V?$allocator@D@2@@2@XZ)
     1>BWTA.lib(all_files.obj) : error LNK2001: unresolved external symbol "__declspec(dllimport) bool __cdecl std::operator!=<char,struct std::char_traits<char>,class std::allocator<char> >(class std::basic_string<char,struct std::char_traits<char>,class std::allocator<char> > const &,class std::basic_string<char,struct std::char_traits<char>,class std::allocator<char> > const &)" (__imp_??$?9DU?$char_traits@D@std@@V?$allocator@D@1@@std@@YA_NABV?$basic_string@DU?$char_traits@D@std@@V?$allocator@D@2@@0@0@Z)
     1>BWTA.lib(all_files.obj) : error LNK2001: unresolved external symbol "__declspec(dllimport) class std::basic_istream<char,struct std::char_traits<char> > & __cdecl std::operator>><char,struct std::char_traits<char>,class std::allocator<char> >(class std::basic_istream<char,struct std::char_traits<char> > &,class std::basic_string<char,struct std::char_traits<char>,class std::allocator<char> > &)" (__imp_??$?5DU?$char_traits@D@std@@V?$allocator@D@1@@std@@YAAAV?$basic_istream@DU?$char_traits@D@std@@@0@AAV10@AAV?$basic_string@DU?$char_traits@D@std@@V?$allocator@D@2@@0@@Z)
     1>E:\Starcraft\BWSAL_0.9.12\Release\MacroAIModule.dll : fatal error LNK1120: 48 unresolved externals
     1>Done Building Project "E:\Starcraft\BWSAL_0.9.12\MacroAIModule\MacroAIModule.vcxproj" (Rebuild target(s)) -- FAILED.

Build FAILED.

Time Elapsed 00:00:26.25
