E:\STARCRAFT\BWSAL_0.9.12\MACROAIMODULE\RELEASE\UNITPUMP.OBJ
E:\STARCRAFT\BWSAL_0.9.12\MACROAIMODULE\RELEASE\UNITCOMPOSITIONPRODUCER.OBJ
E:\STARCRAFT\BWSAL_0.9.12\MACROAIMODULE\RELEASE\TERMINATEIFWORKERLOST.OBJ
E:\STARCRAFT\BWSAL_0.9.12\MACROAIMODULE\RELEASE\TERMINATEIFEMPTY.OBJ
E:\STARCRAFT\BWSAL_0.9.12\MACROAIMODULE\RELEASE\SPIRALBUILDINGPLACER.OBJ
E:\STARCRAFT\BWSAL_0.9.12\MACROAIMODULE\RELEASE\PYLONBUILDINGPLACER.OBJ
E:\STARCRAFT\BWSAL_0.9.12\MACROAIMODULE\RELEASE\BFSBUILDINGPLACER.OBJ
E:\STARCRAFT\BWSAL_0.9.12\MACROAIMODULE\RELEASE\BASICWORKERFINDER.OBJ
E:\STARCRAFT\BWSAL_0.9.12\MACROAIMODULE\RELEASE\BASICTASKEXECUTOR.OBJ
E:\STARCRAFT\BWSAL_0.9.12\MACROAIMODULE\RELEASE\WORKERTASKTIMELINE.OBJ
E:\STARCRAFT\BWSAL_0.9.12\MACROAIMODULE\RELEASE\UNITREADYTIMECALCULATOR.OBJ
E:\STARCRAFT\BWSAL_0.9.12\MACROAIMODULE\RELEASE\TASKSTREAM.OBJ
E:\STARCRAFT\BWSAL_0.9.12\MACROAIMODULE\RELEASE\TASK.OBJ
E:\STARCRAFT\BWSAL_0.9.12\MACROAIMODULE\RELEASE\MACROMANAGER.OBJ
E:\STARCRAFT\BWSAL_0.9.12\MACROAIMODULE\RELEASE\LARVATIMELINE.OBJ
E:\STARCRAFT\BWSAL_0.9.12\MACROAIMODULE\RELEASE\ASSIGNMENT.OBJ
E:\STARCRAFT\BWSAL_0.9.12\MACROAIMODULE\RELEASE\UTIL.OBJ
E:\STARCRAFT\BWSAL_0.9.12\MACROAIMODULE\RELEASE\MACROAIMODULE.OBJ
E:\STARCRAFT\BWSAL_0.9.12\MACROAIMODULE\RELEASE\DLL.OBJ
E:\STARCRAFT\BWSAL_0.9.12\MACROAIMODULE\RELEASE\BWSAL.OBJ
E:\STARCRAFT\BWSAL_0.9.12\MACROAIMODULE\RELEASE\RESERVEDMAP.OBJ
E:\STARCRAFT\BWSAL_0.9.12\MACROAIMODULE\RELEASE\MACROWORKERMANAGER.OBJ
E:\STARCRAFT\BWSAL_0.9.12\MACROAIMODULE\RELEASE\INFORMATIONMANAGER.OBJ
E:\STARCRAFT\BWSAL_0.9.12\MACROAIMODULE\RELEASE\BORDERMANAGER.OBJ
E:\STARCRAFT\BWSAL_0.9.12\MACROAIMODULE\RELEASE\MACRODEPENDENCYRESOLVER.OBJ
E:\STARCRAFT\BWSAL_0.9.12\MACROAIMODULE\RELEASE\MACROBASEMANAGER.OBJ
E:\STARCRAFT\BWSAL_0.9.12\MACROAIMODULE\RELEASE\MACROBASE.OBJ
E:\STARCRAFT\BWSAL_0.9.12\MACROAIMODULE\RELEASE\UNITGROUPMANAGER.OBJ
E:\STARCRAFT\BWSAL_0.9.12\MACROAIMODULE\RELEASE\UNITGROUP.OBJ
E:\STARCRAFT\BWSAL_0.9.12\MACROAIMODULE\RELEASE\MACROSUPPLYMANAGER.OBJ
E:\STARCRAFT\BWSAL_0.9.12\MACROAIMODULE\RELEASE\UPGRADETIMELINE.OBJ
E:\STARCRAFT\BWSAL_0.9.12\MACROAIMODULE\RELEASE\TECHTIMELINE.OBJ
E:\STARCRAFT\BWSAL_0.9.12\MACROAIMODULE\RELEASE\UNITCOUNTTIMELINE.OBJ
E:\STARCRAFT\BWSAL_0.9.12\MACROAIMODULE\RELEASE\RESOURCERATES.OBJ
E:\STARCRAFT\BWSAL_0.9.12\MACROAIMODULE\RELEASE\RESOURCETIMELINE.OBJ
E:\STARCRAFT\BWSAL_0.9.12\MACROAIMODULE\RELEASE\RESOURCES.OBJ
E:\STARCRAFT\BWSAL_0.9.12\MACROAIMODULE\RELEASE\VC110.PDB
E:\Starcraft\BWSAL_0.9.12\MacroAIModule\Release\Assignment.obj
E:\Starcraft\BWSAL_0.9.12\MacroAIModule\Release\BasicTaskExecutor.obj
E:\Starcraft\BWSAL_0.9.12\MacroAIModule\Release\BasicWorkerFinder.obj
E:\Starcraft\BWSAL_0.9.12\MacroAIModule\Release\BFSBuildingPlacer.obj
E:\Starcraft\BWSAL_0.9.12\MacroAIModule\Release\BorderManager.obj
E:\Starcraft\BWSAL_0.9.12\MacroAIModule\Release\BWSAL.obj
E:\Starcraft\BWSAL_0.9.12\MacroAIModule\Release\Dll.obj
E:\Starcraft\BWSAL_0.9.12\MacroAIModule\Release\InformationManager.obj
E:\Starcraft\BWSAL_0.9.12\MacroAIModule\Release\LarvaTimeline.obj
E:\Starcraft\BWSAL_0.9.12\MacroAIModule\Release\MacroAIModule.obj
E:\Starcraft\BWSAL_0.9.12\MacroAIModule\Release\MacroBase.obj
E:\Starcraft\BWSAL_0.9.12\MacroAIModule\Release\MacroBaseManager.obj
E:\Starcraft\BWSAL_0.9.12\MacroAIModule\Release\MacroDependencyResolver.obj
E:\Starcraft\BWSAL_0.9.12\MacroAIModule\Release\MacroManager.obj
E:\Starcraft\BWSAL_0.9.12\MacroAIModule\Release\MacroSupplyManager.obj
E:\Starcraft\BWSAL_0.9.12\MacroAIModule\Release\MacroWorkerManager.obj
E:\Starcraft\BWSAL_0.9.12\MacroAIModule\Release\PylonBuildingPlacer.obj
E:\Starcraft\BWSAL_0.9.12\MacroAIModule\Release\ReservedMap.obj
E:\Starcraft\BWSAL_0.9.12\MacroAIModule\Release\ResourceRates.obj
E:\Starcraft\BWSAL_0.9.12\MacroAIModule\Release\Resources.obj
E:\Starcraft\BWSAL_0.9.12\MacroAIModule\Release\ResourceTimeline.obj
E:\Starcraft\BWSAL_0.9.12\MacroAIModule\Release\SpiralBuildingPlacer.obj
E:\Starcraft\BWSAL_0.9.12\MacroAIModule\Release\Task.obj
E:\Starcraft\BWSAL_0.9.12\MacroAIModule\Release\TaskStream.obj
E:\Starcraft\BWSAL_0.9.12\MacroAIModule\Release\TechTimeline.obj
E:\Starcraft\BWSAL_0.9.12\MacroAIModule\Release\TerminateIfEmpty.obj
E:\Starcraft\BWSAL_0.9.12\MacroAIModule\Release\TerminateIfWorkerLost.obj
E:\Starcraft\BWSAL_0.9.12\MacroAIModule\Release\UnitCompositionProducer.obj
E:\Starcraft\BWSAL_0.9.12\MacroAIModule\Release\UnitCountTimeline.obj
E:\Starcraft\BWSAL_0.9.12\MacroAIModule\Release\UnitGroup.obj
E:\Starcraft\BWSAL_0.9.12\MacroAIModule\Release\UnitGroupManager.obj
E:\Starcraft\BWSAL_0.9.12\MacroAIModule\Release\UnitPump.obj
E:\Starcraft\BWSAL_0.9.12\MacroAIModule\Release\UnitReadyTimeCalculator.obj
E:\Starcraft\BWSAL_0.9.12\MacroAIModule\Release\UpgradeTimeline.obj
E:\Starcraft\BWSAL_0.9.12\MacroAIModule\Release\Util.obj
E:\Starcraft\BWSAL_0.9.12\MacroAIModule\Release\WorkerTaskTimeline.obj
E:\Starcraft\BWSAL_0.9.12\MacroAIModule\Release\cl.command.1.tlog
E:\Starcraft\BWSAL_0.9.12\MacroAIModule\Release\CL.read.1.tlog
E:\Starcraft\BWSAL_0.9.12\MacroAIModule\Release\CL.write.1.tlog
E:\Starcraft\BWSAL_0.9.12\MacroAIModule\Release\link.command.1.tlog
E:\Starcraft\BWSAL_0.9.12\MacroAIModule\Release\link.read.1.tlog
E:\Starcraft\BWSAL_0.9.12\MacroAIModule\Release\link.write.1.tlog
E:\Starcraft\BWSAL_0.9.12\MacroAIModule\Release\vc110.pdb
