C:\Users\dustin\Documents\GitHub\StarcraftBWAssistant\step1_starcraft_observer\BWSAL_0.9.12\Release\BasicAIModule.lib
C:\Users\dustin\Documents\GitHub\StarcraftBWAssistant\step1_starcraft_observer\BWSAL_0.9.12\Release\BasicAIModule.exp
C:\USERS\DUSTIN\DOCUMENTS\GITHUB\STARCRAFTBWASSISTANT\STEP1_STARCRAFT_OBSERVER\BWSAL_0.9.12\BASICAIMODULE\RELEASE\UTIL.OBJ
C:\USERS\DUSTIN\DOCUMENTS\GITHUB\STARCRAFTBWASSISTANT\STEP1_STARCRAFT_OBSERVER\BWSAL_0.9.12\BASICAIMODULE\RELEASE\DLL.OBJ
C:\USERS\DUSTIN\DOCUMENTS\GITHUB\STARCRAFTBWASSISTANT\STEP1_STARCRAFT_OBSERVER\BWSAL_0.9.12\BASICAIMODULE\RELEASE\OBSERVER.OBJ
C:\USERS\DUSTIN\DOCUMENTS\GITHUB\STARCRAFTBWASSISTANT\STEP1_STARCRAFT_OBSERVER\BWSAL_0.9.12\BASICAIMODULE\RELEASE\GAMESTATEDUMPER.OBJ
C:\USERS\DUSTIN\DOCUMENTS\GITHUB\STARCRAFTBWASSISTANT\STEP1_STARCRAFT_OBSERVER\BWSAL_0.9.12\BASICAIMODULE\RELEASE\VC90.PDB
C:\USERS\DUSTIN\DOCUMENTS\GITHUB\STARCRAFTBWASSISTANT\STEP1_STARCRAFT_OBSERVER\BWSAL_0.9.12\RELEASE\BASICAIMODULE.DLL
C:\USERS\DUSTIN\DOCUMENTS\GITHUB\STARCRAFTBWASSISTANT\STEP1_STARCRAFT_OBSERVER\BWSAL_0.9.12\BASICAIMODULE\RELEASE\BASICAIMODULE.DLL.INTERMEDIATE.MANIFEST
C:\USERS\DUSTIN\DOCUMENTS\GITHUB\STARCRAFTBWASSISTANT\STEP1_STARCRAFT_OBSERVER\BWSAL_0.9.12\RELEASE\BASICAIMODULE.PDB
C:\Users\dustin\Documents\GitHub\StarcraftBWAssistant\step1_starcraft_observer\BWSAL_0.9.12\BasicAIModule\Release\BasicAIModule.write.1.tlog
C:\Users\dustin\Documents\GitHub\StarcraftBWAssistant\step1_starcraft_observer\BWSAL_0.9.12\BasicAIModule\Release\cl.command.1.tlog
C:\Users\dustin\Documents\GitHub\StarcraftBWAssistant\step1_starcraft_observer\BWSAL_0.9.12\BasicAIModule\Release\CL.read.1.tlog
C:\Users\dustin\Documents\GitHub\StarcraftBWAssistant\step1_starcraft_observer\BWSAL_0.9.12\BasicAIModule\Release\CL.write.1.tlog
C:\Users\dustin\Documents\GitHub\StarcraftBWAssistant\step1_starcraft_observer\BWSAL_0.9.12\BasicAIModule\Release\link.command.1.tlog
C:\Users\dustin\Documents\GitHub\StarcraftBWAssistant\step1_starcraft_observer\BWSAL_0.9.12\BasicAIModule\Release\link.read.1.tlog
C:\Users\dustin\Documents\GitHub\StarcraftBWAssistant\step1_starcraft_observer\BWSAL_0.9.12\BasicAIModule\Release\link.write.1.tlog
C:\Users\dustin\Documents\GitHub\StarcraftBWAssistant\step1_starcraft_observer\BWSAL_0.9.12\BasicAIModule\Release\mt.command.1.tlog
C:\Users\dustin\Documents\GitHub\StarcraftBWAssistant\step1_starcraft_observer\BWSAL_0.9.12\BasicAIModule\Release\mt.read.1.tlog
C:\Users\dustin\Documents\GitHub\StarcraftBWAssistant\step1_starcraft_observer\BWSAL_0.9.12\BasicAIModule\Release\mt.write.1.tlog
