Build started 4/23/2013 11:56:29 PM.
     1>Project "C:\Users\dustin\Desktop\Current Projects\StarcraftObserver\BWSAL_0.9.12\BasicAIModule\BasicAIModule.vcxproj" on node 2 (Rebuild target(s)).
     1>ClCompile:
         C:\Program Files (x86)\Microsoft Visual Studio 9.0\VC\bin\CL.exe /c /I../include /Zi /nologo /W3 /WX- /O2 /Oi /Oy- /GL /D WIN32 /D NDEBUG /D _WINDOWS /D _USRDLL /D EXAMPLEAIMODULE_EXPORTS /D _WINDLL /D _UNICODE /D UNICODE /Gm- /EHsc /MD /GS /Gy /fp:precise /Zc:wchar_t /Zc:forScope /Fo"Release\\" /Fd"Release\vc90.pdb" /Gd /TP /analyze- /errorReport:prompt Source\Observer.cpp Source\Dll.cpp ..\Addons\Util.cpp
         Observer.cpp
         Dll.cpp
         Util.cpp
       Link:
         C:\Program Files (x86)\Microsoft Visual Studio 9.0\VC\bin\link.exe /ERRORREPORT:PROMPT /OUT:"C:\Users\dustin\Desktop\Current Projects\StarcraftObserver\BWSAL_0.9.12\Release\BasicAIModule.dll" /INCREMENTAL:NO /NOLOGO ../lib/BWAPI.lib ../lib/BWTA.lib ../lib/tinyxml.lib "../lib/CGAL-vc90-mt.lib" "../lib/libboost_thread-vc90-mt-1_40.lib" "../lib/gmp-vc90-mt.lib" "../lib/mpfr-vc90-mt.lib" kernel32.lib user32.lib gdi32.lib winspool.lib comdlg32.lib advapi32.lib shell32.lib ole32.lib oleaut32.lib uuid.lib odbc32.lib odbccp32.lib /MANIFEST /ManifestFile:"Release\BasicAIModule.dll.intermediate.manifest" /MANIFESTUAC:"level='asInvoker' uiAccess='false'" /DEBUG /PDB:"C:\Users\dustin\Desktop\Current Projects\StarcraftObserver\BWSAL_0.9.12\Release\BasicAIModule.pdb" /SUBSYSTEM:WINDOWS /OPT:REF /OPT:ICF /LTCG /TLBID:1 /DYNAMICBASE /NXCOMPAT /IMPLIB:"C:\Users\dustin\Desktop\Current Projects\StarcraftObserver\BWSAL_0.9.12\Release\BasicAIModule.lib" /MACHINE:X86 /DLL Release\Observer.obj
         Release\Dll.obj
         Release\Util.obj
            Creating library C:\Users\dustin\Desktop\Current Projects\StarcraftObserver\BWSAL_0.9.12\Release\BasicAIModule.lib and object C:\Users\dustin\Desktop\Current Projects\StarcraftObserver\BWSAL_0.9.12\Release\BasicAIModule.exp
     1>LINK : warning LNK4098: defaultlib 'LIBCMT' conflicts with use of other libs; use /NODEFAULTLIB:library
         Generating code
         Finished generating code
         BasicAIModule.vcxproj -> C:\Users\dustin\Desktop\Current Projects\StarcraftObserver\BWSAL_0.9.12\Release\BasicAIModule.dll
       Manifest:
         C:\Program Files\Microsoft SDKs\Windows\v6.0A\bin\mt.exe /nologo /verbose /outputresource:"C:\Users\dustin\Desktop\Current Projects\StarcraftObserver\BWSAL_0.9.12\Release\BasicAIModule.dll;#2" /manifest Release\BasicAIModule.dll.intermediate.manifest
       PostBuildEvent:
         copy "C:\Users\dustin\Desktop\Current Projects\StarcraftObserver\BWSAL_0.9.12\Release\BasicAIModule.dll" "C:\Program Files (x86)\Starcraft\BWAPI 3.7.4\..\bwapi-data\AI\BasicAIModule.dll"
         :VCEnd
                 1 file(s) copied.
     1>Done Building Project "C:\Users\dustin\Desktop\Current Projects\StarcraftObserver\BWSAL_0.9.12\BasicAIModule\BasicAIModule.vcxproj" (Rebuild target(s)).

Build succeeded.

Time Elapsed 00:00:02.01
