C:\USERS\DUSTIN\DESKTOP\CURRENT PROJECTS\STARCRAFT-AI-2013\BWSAL_0.9.12\BASICAIMODULE\DEBUG\BASEMANAGER.OBJ
C:\USERS\DUSTIN\DESKTOP\CURRENT PROJECTS\STARCRAFT-AI-2013\BWSAL_0.9.12\BASICAIMODULE\DEBUG\BORDERMANAGER.OBJ
C:\USERS\DUSTIN\DESKTOP\CURRENT PROJECTS\STARCRAFT-AI-2013\BWSAL_0.9.12\BASICAIMODULE\DEBUG\BUILDINGPLACER.OBJ
C:\USERS\DUSTIN\DESKTOP\CURRENT PROJECTS\STARCRAFT-AI-2013\BWSAL_0.9.12\BASICAIMODULE\DEBUG\BUILDMANAGER.OBJ
C:\USERS\DUSTIN\DESKTOP\CURRENT PROJECTS\STARCRAFT-AI-2013\BWSAL_0.9.12\BASICAIMODULE\DEBUG\BUILDORDERMANAGER.OBJ
C:\USERS\DUSTIN\DESKTOP\CURRENT PROJECTS\STARCRAFT-AI-2013\BWSAL_0.9.12\BASICAIMODULE\DEBUG\METAUNIT.OBJ
C:\USERS\DUSTIN\DESKTOP\CURRENT PROJECTS\STARCRAFT-AI-2013\BWSAL_0.9.12\BASICAIMODULE\DEBUG\UNITITEM.OBJ
C:\USERS\DUSTIN\DESKTOP\CURRENT PROJECTS\STARCRAFT-AI-2013\BWSAL_0.9.12\BASICAIMODULE\DEBUG\CONSTRUCTIONMANAGER.OBJ
C:\USERS\DUSTIN\DESKTOP\CURRENT PROJECTS\STARCRAFT-AI-2013\BWSAL_0.9.12\BASICAIMODULE\DEBUG\DEFENSEMANAGER.OBJ
C:\USERS\DUSTIN\DESKTOP\CURRENT PROJECTS\STARCRAFT-AI-2013\BWSAL_0.9.12\BASICAIMODULE\DEBUG\INFORMATIONMANAGER.OBJ
C:\USERS\DUSTIN\DESKTOP\CURRENT PROJECTS\STARCRAFT-AI-2013\BWSAL_0.9.12\BASICAIMODULE\DEBUG\MORPHMANAGER.OBJ
C:\USERS\DUSTIN\DESKTOP\CURRENT PROJECTS\STARCRAFT-AI-2013\BWSAL_0.9.12\BASICAIMODULE\DEBUG\PRODUCTIONMANAGER.OBJ
C:\USERS\DUSTIN\DESKTOP\CURRENT PROJECTS\STARCRAFT-AI-2013\BWSAL_0.9.12\BASICAIMODULE\DEBUG\SCOUTMANAGER.OBJ
C:\USERS\DUSTIN\DESKTOP\CURRENT PROJECTS\STARCRAFT-AI-2013\BWSAL_0.9.12\BASICAIMODULE\DEBUG\SUPPLYMANAGER.OBJ
C:\USERS\DUSTIN\DESKTOP\CURRENT PROJECTS\STARCRAFT-AI-2013\BWSAL_0.9.12\BASICAIMODULE\DEBUG\TECHMANAGER.OBJ
C:\USERS\DUSTIN\DESKTOP\CURRENT PROJECTS\STARCRAFT-AI-2013\BWSAL_0.9.12\BASICAIMODULE\DEBUG\UNITGROUP.OBJ
C:\USERS\DUSTIN\DESKTOP\CURRENT PROJECTS\STARCRAFT-AI-2013\BWSAL_0.9.12\BASICAIMODULE\DEBUG\UNITGROUPMANAGER.OBJ
C:\USERS\DUSTIN\DESKTOP\CURRENT PROJECTS\STARCRAFT-AI-2013\BWSAL_0.9.12\BASICAIMODULE\DEBUG\UPGRADEMANAGER.OBJ
C:\USERS\DUSTIN\DESKTOP\CURRENT PROJECTS\STARCRAFT-AI-2013\BWSAL_0.9.12\BASICAIMODULE\DEBUG\ZEUS.OBJ
C:\USERS\DUSTIN\DESKTOP\CURRENT PROJECTS\STARCRAFT-AI-2013\BWSAL_0.9.12\BASICAIMODULE\DEBUG\VULTURESPIDERMINEMANAGER.OBJ
C:\USERS\DUSTIN\DESKTOP\CURRENT PROJECTS\STARCRAFT-AI-2013\BWSAL_0.9.12\BASICAIMODULE\DEBUG\COMSATMANAGER.OBJ
C:\USERS\DUSTIN\DESKTOP\CURRENT PROJECTS\STARCRAFT-AI-2013\BWSAL_0.9.12\BASICAIMODULE\DEBUG\DEBUGPRINTER.OBJ
C:\USERS\DUSTIN\DESKTOP\CURRENT PROJECTS\STARCRAFT-AI-2013\BWSAL_0.9.12\BASICAIMODULE\DEBUG\GOALMANAGER.OBJ
C:\USERS\DUSTIN\DESKTOP\CURRENT PROJECTS\STARCRAFT-AI-2013\BWSAL_0.9.12\BASICAIMODULE\DEBUG\ARMYMANAGER.OBJ
C:\USERS\DUSTIN\DESKTOP\CURRENT PROJECTS\STARCRAFT-AI-2013\BWSAL_0.9.12\BASICAIMODULE\DEBUG\MACROMANAGER.OBJ
C:\USERS\DUSTIN\DESKTOP\CURRENT PROJECTS\STARCRAFT-AI-2013\BWSAL_0.9.12\BASICAIMODULE\DEBUG\STRATEGYGOAL.OBJ
C:\USERS\DUSTIN\DESKTOP\CURRENT PROJECTS\STARCRAFT-AI-2013\BWSAL_0.9.12\BASICAIMODULE\DEBUG\SPIDERMINEMANAGER.OBJ
C:\USERS\DUSTIN\DESKTOP\CURRENT PROJECTS\STARCRAFT-AI-2013\BWSAL_0.9.12\BASICAIMODULE\DEBUG\SQUAD.OBJ
C:\USERS\DUSTIN\DESKTOP\CURRENT PROJECTS\STARCRAFT-AI-2013\BWSAL_0.9.12\BASICAIMODULE\DEBUG\SQUADMANAGER.OBJ
C:\USERS\DUSTIN\DESKTOP\CURRENT PROJECTS\STARCRAFT-AI-2013\BWSAL_0.9.12\BASICAIMODULE\DEBUG\STRATEGYMANAGER.OBJ
C:\USERS\DUSTIN\DESKTOP\CURRENT PROJECTS\STARCRAFT-AI-2013\BWSAL_0.9.12\BASICAIMODULE\DEBUG\BASICAIMODULE.OBJ
C:\USERS\DUSTIN\DESKTOP\CURRENT PROJECTS\STARCRAFT-AI-2013\BWSAL_0.9.12\BASICAIMODULE\DEBUG\DLL.OBJ
C:\USERS\DUSTIN\DESKTOP\CURRENT PROJECTS\STARCRAFT-AI-2013\BWSAL_0.9.12\BASICAIMODULE\DEBUG\ENHANCEDUI.OBJ
C:\USERS\DUSTIN\DESKTOP\CURRENT PROJECTS\STARCRAFT-AI-2013\BWSAL_0.9.12\BASICAIMODULE\DEBUG\UTIL.OBJ
C:\USERS\DUSTIN\DESKTOP\CURRENT PROJECTS\STARCRAFT-AI-2013\BWSAL_0.9.12\BASICAIMODULE\DEBUG\WORKERMANAGER.OBJ
C:\USERS\DUSTIN\DESKTOP\CURRENT PROJECTS\STARCRAFT-AI-2013\BWSAL_0.9.12\BASICAIMODULE\DEBUG\BASE.OBJ
C:\USERS\DUSTIN\DESKTOP\CURRENT PROJECTS\STARCRAFT-AI-2013\BWSAL_0.9.12\BASICAIMODULE\DEBUG\VC90.PDB
C:\Users\dustin\Desktop\Current Projects\starcraft-ai-2013\BWSAL_0.9.12\BasicAIModule\Debug\ArmyManager.obj
C:\Users\dustin\Desktop\Current Projects\starcraft-ai-2013\BWSAL_0.9.12\BasicAIModule\Debug\Base.obj
C:\Users\dustin\Desktop\Current Projects\starcraft-ai-2013\BWSAL_0.9.12\BasicAIModule\Debug\BaseManager.obj
C:\Users\dustin\Desktop\Current Projects\starcraft-ai-2013\BWSAL_0.9.12\BasicAIModule\Debug\BasicAIModule.obj
C:\Users\dustin\Desktop\Current Projects\starcraft-ai-2013\BWSAL_0.9.12\BasicAIModule\Debug\BorderManager.obj
C:\Users\dustin\Desktop\Current Projects\starcraft-ai-2013\BWSAL_0.9.12\BasicAIModule\Debug\BuildingPlacer.obj
C:\Users\dustin\Desktop\Current Projects\starcraft-ai-2013\BWSAL_0.9.12\BasicAIModule\Debug\BuildManager.obj
C:\Users\dustin\Desktop\Current Projects\starcraft-ai-2013\BWSAL_0.9.12\BasicAIModule\Debug\BuildOrderManager.obj
C:\Users\dustin\Desktop\Current Projects\starcraft-ai-2013\BWSAL_0.9.12\BasicAIModule\Debug\ComSatManager.obj
C:\Users\dustin\Desktop\Current Projects\starcraft-ai-2013\BWSAL_0.9.12\BasicAIModule\Debug\ConstructionManager.obj
C:\Users\dustin\Desktop\Current Projects\starcraft-ai-2013\BWSAL_0.9.12\BasicAIModule\Debug\DebugPrinter.obj
C:\Users\dustin\Desktop\Current Projects\starcraft-ai-2013\BWSAL_0.9.12\BasicAIModule\Debug\DefenseManager.obj
C:\Users\dustin\Desktop\Current Projects\starcraft-ai-2013\BWSAL_0.9.12\BasicAIModule\Debug\Dll.obj
C:\Users\dustin\Desktop\Current Projects\starcraft-ai-2013\BWSAL_0.9.12\BasicAIModule\Debug\EnhancedUI.obj
C:\Users\dustin\Desktop\Current Projects\starcraft-ai-2013\BWSAL_0.9.12\BasicAIModule\Debug\GoalManager.obj
C:\Users\dustin\Desktop\Current Projects\starcraft-ai-2013\BWSAL_0.9.12\BasicAIModule\Debug\InformationManager.obj
C:\Users\dustin\Desktop\Current Projects\starcraft-ai-2013\BWSAL_0.9.12\BasicAIModule\Debug\MacroManager.obj
C:\Users\dustin\Desktop\Current Projects\starcraft-ai-2013\BWSAL_0.9.12\BasicAIModule\Debug\MetaUnit.obj
C:\Users\dustin\Desktop\Current Projects\starcraft-ai-2013\BWSAL_0.9.12\BasicAIModule\Debug\MorphManager.obj
C:\Users\dustin\Desktop\Current Projects\starcraft-ai-2013\BWSAL_0.9.12\BasicAIModule\Debug\ProductionManager.obj
C:\Users\dustin\Desktop\Current Projects\starcraft-ai-2013\BWSAL_0.9.12\BasicAIModule\Debug\ScoutManager.obj
C:\Users\dustin\Desktop\Current Projects\starcraft-ai-2013\BWSAL_0.9.12\BasicAIModule\Debug\SpiderMineManager.obj
C:\Users\dustin\Desktop\Current Projects\starcraft-ai-2013\BWSAL_0.9.12\BasicAIModule\Debug\Squad.obj
C:\Users\dustin\Desktop\Current Projects\starcraft-ai-2013\BWSAL_0.9.12\BasicAIModule\Debug\SquadManager.obj
C:\Users\dustin\Desktop\Current Projects\starcraft-ai-2013\BWSAL_0.9.12\BasicAIModule\Debug\StrategyGoal.obj
C:\Users\dustin\Desktop\Current Projects\starcraft-ai-2013\BWSAL_0.9.12\BasicAIModule\Debug\StrategyManager.obj
C:\Users\dustin\Desktop\Current Projects\starcraft-ai-2013\BWSAL_0.9.12\BasicAIModule\Debug\SupplyManager.obj
C:\Users\dustin\Desktop\Current Projects\starcraft-ai-2013\BWSAL_0.9.12\BasicAIModule\Debug\TechManager.obj
C:\Users\dustin\Desktop\Current Projects\starcraft-ai-2013\BWSAL_0.9.12\BasicAIModule\Debug\UnitGroup.obj
C:\Users\dustin\Desktop\Current Projects\starcraft-ai-2013\BWSAL_0.9.12\BasicAIModule\Debug\UnitGroupManager.obj
C:\Users\dustin\Desktop\Current Projects\starcraft-ai-2013\BWSAL_0.9.12\BasicAIModule\Debug\UnitItem.obj
C:\Users\dustin\Desktop\Current Projects\starcraft-ai-2013\BWSAL_0.9.12\BasicAIModule\Debug\UpgradeManager.obj
C:\Users\dustin\Desktop\Current Projects\starcraft-ai-2013\BWSAL_0.9.12\BasicAIModule\Debug\Util.obj
C:\Users\dustin\Desktop\Current Projects\starcraft-ai-2013\BWSAL_0.9.12\BasicAIModule\Debug\VultureSpiderMineManager.obj
C:\Users\dustin\Desktop\Current Projects\starcraft-ai-2013\BWSAL_0.9.12\BasicAIModule\Debug\WorkerManager.obj
C:\Users\dustin\Desktop\Current Projects\starcraft-ai-2013\BWSAL_0.9.12\BasicAIModule\Debug\Zeus.obj
C:\Users\dustin\Desktop\Current Projects\starcraft-ai-2013\BWSAL_0.9.12\BasicAIModule\Debug\cl.command.1.tlog
C:\Users\dustin\Desktop\Current Projects\starcraft-ai-2013\BWSAL_0.9.12\BasicAIModule\Debug\CL.read.1.tlog
C:\Users\dustin\Desktop\Current Projects\starcraft-ai-2013\BWSAL_0.9.12\BasicAIModule\Debug\CL.write.1.tlog
C:\Users\dustin\Desktop\Current Projects\starcraft-ai-2013\BWSAL_0.9.12\BasicAIModule\Debug\vc90.idb
C:\Users\dustin\Desktop\Current Projects\starcraft-ai-2013\BWSAL_0.9.12\BasicAIModule\Debug\vc90.pdb
