Build started 5/5/2013 1:28:53 PM.
     1>Project "C:\Users\dustin\Documents\GitHub\StarcraftBWAssistant\step1_starcraft_observer\BWSAL_0.9.12\BasicAIModule\BasicAIModule.vcxproj" on node 2 (Rebuild target(s)).
     1>ClCompile:
         C:\Program Files (x86)\Microsoft Visual Studio 9.0\VC\bin\CL.exe /c /I../include /ZI /nologo /W3 /WX- /Od /Oy- /D WIN32 /D _DEBUG /D _WINDOWS /D _USRDLL /D EXAMPLEAIMODULE_EXPORTS /D _WINDLL /D _UNICODE /D UNICODE /Gm /EHsc /RTC1 /MDd /GS /fp:precise /Zc:wchar_t /Zc:forScope /Fo"Debug\\" /Fd"Debug\vc90.pdb" /Gd /TP /analyze- /errorReport:prompt Source\GamestateDumper.cpp Source\Observer.cpp Source\Dll.cpp ..\Addons\Util.cpp
         Util.cpp
         Dll.cpp
         Observer.cpp
         GamestateDumper.cpp
         Generating Code...
       ManifestResourceCompile:
         C:\Program Files\Microsoft SDKs\Windows\v6.0A\bin\rc.exe /fo"Debug\BasicAIModule.dll.embed.manifest.res" Debug\BasicAIModule_manifest.rc 
         Microsoft (R) Windows (R) Resource Compiler Version 6.0.5724.0
         
         Copyright (C) Microsoft Corporation.  All rights reserved.
         
         
     1>C:\Program Files (x86)\MSBuild\Microsoft.Cpp\v4.0\Microsoft.CppBuild.targets(990,5): warning MSB8012: TargetPath(C:\Users\dustin\Documents\GitHub\StarcraftBWAssistant\step1_starcraft_observer\BWSAL_0.9.12\Debug\BasicAIModule.dll) does not match the Linker's OutputFile property value (C:\Users\dustin\Documents\GitHub\StarcraftBWAssistant\step1_starcraft_observer\BWSAL_0.9.12\Debug\BasicAIModuled.dll). This may cause your project to build incorrectly. To correct this, please make sure that $(OutDir), $(TargetName) and $(TargetExt) property values match the value specified in %(Link.OutputFile).
     1>C:\Program Files (x86)\MSBuild\Microsoft.Cpp\v4.0\Microsoft.CppBuild.targets(992,5): warning MSB8012: TargetName(BasicAIModule) does not match the Linker's OutputFile property value (BasicAIModuled). This may cause your project to build incorrectly. To correct this, please make sure that $(OutDir), $(TargetName) and $(TargetExt) property values match the value specified in %(Link.OutputFile).
       Link:
         C:\Program Files (x86)\Microsoft Visual Studio 9.0\VC\bin\link.exe /ERRORREPORT:PROMPT /OUT:"C:\Users\dustin\Documents\GitHub\StarcraftBWAssistant\step1_starcraft_observer\BWSAL_0.9.12\Debug\BasicAIModuled.dll" /INCREMENTAL /NOLOGO ../lib/BWAPId.lib ../lib/BWTAd.lib ../lib/tinyxmld.lib "../lib/CGAL-vc90-mt-gd.lib" "../lib/libboost_thread-vc90-mt-gd-1_40.lib" "../lib/gmp-vc90-mt-gd.lib" "../lib/mpfr-vc90-mt-gd.lib" kernel32.lib user32.lib gdi32.lib winspool.lib comdlg32.lib advapi32.lib shell32.lib ole32.lib oleaut32.lib uuid.lib odbc32.lib odbccp32.lib /MANIFEST /ManifestFile:"Debug\BasicAIModule.dll.intermediate.manifest" /MANIFESTUAC:"level='asInvoker' uiAccess='false'" /DEBUG /PDB:"C:\Users\dustin\Documents\GitHub\StarcraftBWAssistant\step1_starcraft_observer\BWSAL_0.9.12\Debug\BasicAIModule.pdb" /SUBSYSTEM:WINDOWS /TLBID:1 /DYNAMICBASE /NXCOMPAT /IMPLIB:"C:\Users\dustin\Documents\GitHub\StarcraftBWAssistant\step1_starcraft_observer\BWSAL_0.9.12\Debug\BasicAIModule.lib" /MACHINE:X86 /DLL Debug\BasicAIModule.dll.embed.manifest.res
         Debug\GamestateDumper.obj
         Debug\Observer.obj
         Debug\Dll.obj
         Debug\Util.obj
            Creating library C:\Users\dustin\Documents\GitHub\StarcraftBWAssistant\step1_starcraft_observer\BWSAL_0.9.12\Debug\BasicAIModule.lib and object C:\Users\dustin\Documents\GitHub\StarcraftBWAssistant\step1_starcraft_observer\BWSAL_0.9.12\Debug\BasicAIModule.exp
     1>LINK : warning LNK4098: defaultlib 'LIBCMTD' conflicts with use of other libs; use /NODEFAULTLIB:library
     1>GamestateDumper.obj : error LNK2001: unresolved external symbol "private: static class std::map<class BWTA::Chokepoint const *,int,struct std::less<class BWTA::Chokepoint const *>,class std::allocator<struct std::pair<class BWTA::Chokepoint const * const,int> > > GamestateDumper::chokePointIDs" (?chokePointIDs@GamestateDumper@@0V?$map@PBVChokepoint@BWTA@@HU?$less@PBVChokepoint@BWTA@@@std@@V?$allocator@U?$pair@QBVChokepoint@BWTA@@H@std@@@4@@std@@A)
     1>GamestateDumper.obj : error LNK2001: unresolved external symbol "private: static class std::map<class BWTA::Region *,int,struct std::less<class BWTA::Region *>,class std::allocator<struct std::pair<class BWTA::Region * const,int> > > GamestateDumper::regionIDs" (?regionIDs@GamestateDumper@@0V?$map@PAVRegion@BWTA@@HU?$less@PAVRegion@BWTA@@@std@@V?$allocator@U?$pair@QAVRegion@BWTA@@H@std@@@4@@std@@A)
     1>GamestateDumper.obj : error LNK2001: unresolved external symbol "private: static class std::basic_string<char,struct std::char_traits<char>,class std::allocator<char> > GamestateDumper::logFilename" (?logFilename@GamestateDumper@@0V?$basic_string@DU?$char_traits@D@std@@V?$allocator@D@2@@std@@A)
     1>GamestateDumper.obj : error LNK2001: unresolved external symbol "private: static class std::basic_string<char,struct std::char_traits<char>,class std::allocator<char> > GamestateDumper::dataFilename" (?dataFilename@GamestateDumper@@0V?$basic_string@DU?$char_traits@D@std@@V?$allocator@D@2@@std@@A)
     1>GamestateDumper.obj : error LNK2019: unresolved external symbol "private: static class std::basic_string<char,struct std::char_traits<char>,class std::allocator<char> > const __cdecl GamestateDumper::currentDateTime(void)" (?currentDateTime@GamestateDumper@@CA?BV?$basic_string@DU?$char_traits@D@std@@V?$allocator@D@2@@std@@XZ) referenced in function "public: static void __cdecl GamestateDumper::setup(bool)" (?setup@GamestateDumper@@SAX_N@Z)
     1>GamestateDumper.obj : error LNK2001: unresolved external symbol "private: static class std::basic_ofstream<char,struct std::char_traits<char> > GamestateDumper::errorLogOutputFile" (?errorLogOutputFile@GamestateDumper@@0V?$basic_ofstream@DU?$char_traits@D@std@@@std@@A)
     1>GamestateDumper.obj : error LNK2001: unresolved external symbol "private: static class std::basic_string<char,struct std::char_traits<char>,class std::allocator<char> > GamestateDumper::errorLogFilename" (?errorLogFilename@GamestateDumper@@0V?$basic_string@DU?$char_traits@D@std@@V?$allocator@D@2@@std@@A)
     1>C:\Users\dustin\Documents\GitHub\StarcraftBWAssistant\step1_starcraft_observer\BWSAL_0.9.12\Debug\BasicAIModuled.dll : fatal error LNK1120: 7 unresolved externals
     1>Done Building Project "C:\Users\dustin\Documents\GitHub\StarcraftBWAssistant\step1_starcraft_observer\BWSAL_0.9.12\BasicAIModule\BasicAIModule.vcxproj" (Rebuild target(s)) -- FAILED.

Build FAILED.

Time Elapsed 00:00:04.12
